d:\development\speechrecogproject\srsystem\srsystemv2\debug\srsystemv2.pch
d:\development\speechrecogproject\srsystem\srsystemv2\debug\stdafx.obj
d:\development\speechrecogproject\srsystem\srsystemv2\debug\vc100.pdb
d:\development\speechrecogproject\srsystem\srsystemv2\debug\accumulatestat.obj
d:\development\speechrecogproject\srsystem\srsystemv2\debug\clusteringcriterion.obj
d:\development\speechrecogproject\srsystem\srsystemv2\debug\factoranalysis.obj
d:\development\speechrecogproject\srsystem\srsystemv2\debug\fileinfo.obj
d:\development\speechrecogproject\srsystem\srsystemv2\debug\generaltools.obj
d:\development\speechrecogproject\srsystem\srsystemv2\debug\hmm.obj
d:\development\speechrecogproject\srsystem\srsystemv2\debug\ioformat.obj
d:\development\speechrecogproject\srsystem\srsystemv2\debug\liatools.obj
d:\development\speechrecogproject\srsystem\srsystemv2\debug\scorewarp.obj
d:\development\speechrecogproject\srsystem\srsystemv2\debug\segtools.obj
d:\development\speechrecogproject\srsystem\srsystemv2\debug\supervectors.obj
d:\development\speechrecogproject\srsystem\srsystemv2\debug\tools.obj
d:\development\speechrecogproject\srsystem\srsystemv2\debug\topgauss.obj
d:\development\speechrecogproject\srsystem\srsystemv2\debug\traintools.obj
d:\development\speechrecogproject\srsystem\srsystemv2\debug\unsupervisedtools.obj
d:\development\speechrecogproject\srsystem\srsystemv2\debug\srsystemv2.obj
d:\development\speechrecogproject\srsystem\srsystemv2\debug\traintarget.obj
d:\development\speechrecogproject\srsystem\srsystemv2\debug\traintargetmain.obj
d:\development\speechrecogproject\srsystem\srsystemv2\debug\trainworld.obj
d:\development\speechrecogproject\srsystem\srsystemv2\debug\trainworldmain.obj
d:\development\speechrecogproject\srsystem\srsystemv2\debug\mixtureserverfilewriter.obj
d:\development\speechrecogproject\srsystem\srsystemv2\debug\mixturestat.obj
d:\development\speechrecogproject\srsystem\srsystemv2\debug\object.obj
d:\development\speechrecogproject\srsystem\srsystemv2\debug\seg.obj
d:\development\speechrecogproject\srsystem\srsystemv2\debug\segabstract.obj
d:\development\speechrecogproject\srsystem\srsystemv2\debug\segcluster.obj
d:\development\speechrecogproject\srsystem\srsystemv2\debug\segserver.obj
d:\development\speechrecogproject\srsystem\srsystemv2\debug\segserverfilereaderabstract.obj
d:\development\speechrecogproject\srsystem\srsystemv2\debug\segserverfilereaderraw.obj
d:\development\speechrecogproject\srsystem\srsystemv2\debug\segserverfilewriter.obj
d:\development\speechrecogproject\srsystem\srsystemv2\debug\statserver.obj
d:\development\speechrecogproject\srsystem\srsystemv2\debug\ulongvector.obj
d:\development\speechrecogproject\srsystem\srsystemv2\debug\viterbiaccum.obj
d:\development\speechrecogproject\srsystem\srsystemv2\debug\xline.obj
d:\development\speechrecogproject\srsystem\srsystemv2\debug\xlist.obj
d:\development\speechrecogproject\srsystem\srsystemv2\debug\xlistfilereader.obj
d:\development\speechrecogproject\srsystem\srsystemv2\debug\xmlparser.obj
d:\development\speechrecogproject\srsystem\srsystemv2\debug\computetest.obj
d:\development\speechrecogproject\srsystem\srsystemv2\debug\computetestmain.obj
d:\development\speechrecogproject\srsystem\srsystemv2\debug\accumulatejfastat.obj
d:\development\speechrecogproject\srsystem\srsystemv2\debug\labelset.obj
d:\development\speechrecogproject\srsystem\srsystemv2\debug\lkvector.obj
d:\development\speechrecogproject\srsystem\srsystemv2\debug\matrix.obj
d:\development\speechrecogproject\srsystem\srsystemv2\debug\mixture.obj
d:\development\speechrecogproject\srsystem\srsystemv2\debug\mixturedict.obj
d:\development\speechrecogproject\srsystem\srsystemv2\debug\mixturefilereader.obj
d:\development\speechrecogproject\srsystem\srsystemv2\debug\mixturefilereaderabstract.obj
d:\development\speechrecogproject\srsystem\srsystemv2\debug\mixturefilereaderamiral.obj
d:\development\speechrecogproject\srsystem\srsystemv2\debug\mixturefilereaderraw.obj
d:\development\speechrecogproject\srsystem\srsystemv2\debug\mixturefilereaderxml.obj
d:\development\speechrecogproject\srsystem\srsystemv2\debug\mixturefilewriter.obj
d:\development\speechrecogproject\srsystem\srsystemv2\debug\mixturegd.obj
d:\development\speechrecogproject\srsystem\srsystemv2\debug\mixturegdstat.obj
d:\development\speechrecogproject\srsystem\srsystemv2\debug\mixturegf.obj
d:\development\speechrecogproject\srsystem\srsystemv2\debug\mixturegfstat.obj
d:\development\speechrecogproject\srsystem\srsystemv2\debug\mixtureserver.obj
d:\development\speechrecogproject\srsystem\srsystemv2\debug\mixtureserverfilereader.obj
d:\development\speechrecogproject\srsystem\srsystemv2\debug\mixtureserverfilereaderabstract.obj
d:\development\speechrecogproject\srsystem\srsystemv2\debug\mixtureserverfilereaderraw.obj
d:\development\speechrecogproject\srsystem\srsystemv2\debug\mixtureserverfilereaderxml.obj
d:\development\speechrecogproject\srsystem\srsystemv2\debug\featurefilereaderhtk.obj
d:\development\speechrecogproject\srsystem\srsystemv2\debug\featurefilereaderraw.obj
d:\development\speechrecogproject\srsystem\srsystemv2\debug\featurefilereadersingle.obj
d:\development\speechrecogproject\srsystem\srsystemv2\debug\featurefilereaderspro3.obj
d:\development\speechrecogproject\srsystem\srsystemv2\debug\featurefilereaderspro4.obj
d:\development\speechrecogproject\srsystem\srsystemv2\debug\featurefilewriter.obj
d:\development\speechrecogproject\srsystem\srsystemv2\debug\featureflags.obj
d:\development\speechrecogproject\srsystem\srsystemv2\debug\featureinputstream.obj
d:\development\speechrecogproject\srsystem\srsystemv2\debug\featureinputstreammodifier.obj
d:\development\speechrecogproject\srsystem\srsystemv2\debug\featuremultiplefilereader.obj
d:\development\speechrecogproject\srsystem\srsystemv2\debug\featureserver.obj
d:\development\speechrecogproject\srsystem\srsystemv2\debug\filereader.obj
d:\development\speechrecogproject\srsystem\srsystemv2\debug\filewriter.obj
d:\development\speechrecogproject\srsystem\srsystemv2\debug\frameacc.obj
d:\development\speechrecogproject\srsystem\srsystemv2\debug\frameaccgd.obj
d:\development\speechrecogproject\srsystem\srsystemv2\debug\frameaccgf.obj
d:\development\speechrecogproject\srsystem\srsystemv2\debug\histo.obj
d:\development\speechrecogproject\srsystem\srsystemv2\debug\label.obj
d:\development\speechrecogproject\srsystem\srsystemv2\debug\labelfilereader.obj
d:\development\speechrecogproject\srsystem\srsystemv2\debug\labelserver.obj
d:\development\speechrecogproject\srsystem\srsystemv2\debug\audioinputstream.obj
d:\development\speechrecogproject\srsystem\srsystemv2\debug\autodestructor.obj
d:\development\speechrecogproject\srsystem\srsystemv2\debug\boolmatrix.obj
d:\development\speechrecogproject\srsystem\srsystemv2\debug\cmdline.obj
d:\development\speechrecogproject\srsystem\srsystemv2\debug\config.obj
d:\development\speechrecogproject\srsystem\srsystemv2\debug\configchecker.obj
d:\development\speechrecogproject\srsystem\srsystemv2\debug\configfilereaderabstract.obj
d:\development\speechrecogproject\srsystem\srsystemv2\debug\configfilereaderraw.obj
d:\development\speechrecogproject\srsystem\srsystemv2\debug\configfilereaderxml.obj
d:\development\speechrecogproject\srsystem\srsystemv2\debug\configfilewriter.obj
d:\development\speechrecogproject\srsystem\srsystemv2\debug\distrib.obj
d:\development\speechrecogproject\srsystem\srsystemv2\debug\distribgd.obj
d:\development\speechrecogproject\srsystem\srsystemv2\debug\distribgf.obj
d:\development\speechrecogproject\srsystem\srsystemv2\debug\distribrefvector.obj
d:\development\speechrecogproject\srsystem\srsystemv2\debug\doublesquarematrix.obj
d:\development\speechrecogproject\srsystem\srsystemv2\debug\exception.obj
d:\development\speechrecogproject\srsystem\srsystemv2\debug\feature.obj
d:\development\speechrecogproject\srsystem\srsystemv2\debug\featurefilelist.obj
d:\development\speechrecogproject\srsystem\srsystemv2\debug\featurefilereader.obj
d:\development\speechrecogproject\srsystem\srsystemv2\debug\featurefilereaderabstract.obj
d:\development\speechrecogproject\srsystem\srsystemv2\debug\alizestring.obj
d:\development\speechrecogproject\srsystem\srsystemv2\debug\audiofilereader.obj
d:\development\speechrecogproject\srsystem\srsystemv2\debug\audioframe.obj
d:\development\speechrecogproject\srsystem\srsystemv2\debug\srsystemv2.res
d:\development\speechrecogproject\srsystem\srsystemv2\debug\cl.command.1.tlog
d:\development\speechrecogproject\srsystem\srsystemv2\debug\cl.read.1.tlog
d:\development\speechrecogproject\srsystem\srsystemv2\debug\cl.write.1.tlog
d:\development\speechrecogproject\srsystem\srsystemv2\debug\link.command.1.tlog
d:\development\speechrecogproject\srsystem\srsystemv2\debug\link.read.1.tlog
d:\development\speechrecogproject\srsystem\srsystemv2\debug\link.write.1.tlog
d:\development\speechrecogproject\srsystem\srsystemv2\debug\rc.command.1.tlog
d:\development\speechrecogproject\srsystem\srsystemv2\debug\rc.read.1.tlog
d:\development\speechrecogproject\srsystem\srsystemv2\debug\rc.write.1.tlog
d:\development\speechrecogproject\srsystem\srsystemv2\debug\srsystemv2.exp
d:\development\speechrecogproject\srsystem\srsystemv2\debug\vc100.idb
