生成启动时间为 2016/4/22 13:53:52。
     1>项目“D:\Development\SpeechRecogProject\SRSystem\SRSystemV2\SRSystemV2.vcxproj”在节点 2 上(Rebuild 个目标)。
     1>C:\Program Files (x86)\MSBuild\Microsoft.Cpp\v4.0\Microsoft.CppBuild.targets(299,5): warning MSB8004: Output 目录未以斜杠结尾。此生成实例将添加斜杠，因为必须有这个斜杠才能正确计算 Output 目录。
     1>ClCompile:
         C:\Program Files (x86)\Microsoft Visual Studio 10.0\VC\bin\CL.exe /c /I.\Alize /I.\Lia_Ral /ZI /nologo /W3 /WX- /Od /Oy- /D _WIN32 /D ALIZE_EXPORTS /D LIA_SPKTOOLS_EXPORTS /D _DEBUG /D _CONSOLE /D _UNICODE /D UNICODE /Gm /EHsc /RTC1 /MDd /GS /fp:precise /Zc:wchar_t /Zc:forScope /Yc"StdAfx.h" /Fp"Debug\SRSystemV2.pch" /Fo"Debug\\" /Fd"Debug\vc100.pdb" /Gd /TP /wd4819 /wd4251 /wd4996 /analyze- /errorReport:prompt stdafx.cpp
         stdafx.cpp
         C:\Program Files (x86)\Microsoft Visual Studio 10.0\VC\bin\CL.exe /c /I.\Alize /I.\Lia_Ral /ZI /nologo /W3 /WX- /Od /Oy- /D _WIN32 /D ALIZE_EXPORTS /D LIA_SPKTOOLS_EXPORTS /D _DEBUG /D _CONSOLE /D _UNICODE /D UNICODE /Gm /EHsc /RTC1 /MDd /GS /fp:precise /Zc:wchar_t /Zc:forScope /Fo"Debug\\" /Fd"Debug\vc100.pdb" /Gd /TP /wd4819 /wd4251 /wd4996 /analyze- /errorReport:prompt Alize\alizeString.cpp Alize\AudioFileReader.cpp Alize\AudioFrame.cpp Alize\AudioInputStream.cpp Alize\AutoDestructor.cpp Alize\BoolMatrix.cpp Alize\CmdLine.cpp Alize\Config.cpp Alize\ConfigChecker.cpp Alize\ConfigFileReaderAbstract.cpp Alize\ConfigFileReaderRaw.cpp Alize\ConfigFileReaderXml.cpp Alize\ConfigFileWriter.cpp Alize\Distrib.cpp Alize\DistribGD.cpp Alize\DistribGF.cpp Alize\DistribRefVector.cpp Alize\DoubleSquareMatrix.cpp Alize\Exception.cpp Alize\Feature.cpp Alize\FeatureFileList.cpp Alize\FeatureFileReader.cpp Alize\FeatureFileReaderAbstract.cpp Alize\FeatureFileReaderHTK.cpp Alize\FeatureFileReaderRaw.cpp Alize\FeatureFileReaderSingle.cpp Alize\FeatureFileReaderSPro3.cpp Alize\FeatureFileReaderSPro4.cpp Alize\FeatureFileWriter.cpp Alize\FeatureFlags.cpp Alize\FeatureInputStream.cpp Alize\FeatureInputStreamModifier.cpp Alize\FeatureMultipleFileReader.cpp Alize\FeatureServer.cpp Alize\FileReader.cpp Alize\FileWriter.cpp Alize\FrameAcc.cpp Alize\FrameAccGD.cpp Alize\FrameAccGF.cpp Alize\Histo.cpp Alize\Label.cpp Alize\LabelFileReader.cpp Alize\LabelServer.cpp Alize\LabelSet.cpp Alize\LKVector.cpp Alize\Matrix.cpp Alize\Mixture.cpp Alize\MixtureDict.cpp Alize\MixtureFileReader.cpp Alize\MixtureFileReaderAbstract.cpp Alize\MixtureFileReaderAmiral.cpp Alize\MixtureFileReaderRaw.cpp Alize\MixtureFileReaderXml.cpp Alize\MixtureFileWriter.cpp Alize\MixtureGD.cpp Alize\MixtureGDStat.cpp Alize\MixtureGF.cpp Alize\MixtureGFStat.cpp Alize\MixtureServer.cpp Alize\MixtureServerFileReader.cpp Alize\MixtureServerFileReaderAbstract.cpp Alize\MixtureServerFileReaderRaw.cpp Alize\MixtureServerFileReaderXml.cpp Alize\MixtureServerFileWriter.cpp Alize\MixtureStat.cpp Alize\Object.cpp Alize\Seg.cpp Alize\SegAbstract.cpp Alize\SegCluster.cpp Alize\SegServer.cpp Alize\SegServerFileReaderAbstract.cpp Alize\SegServerFileReaderRaw.cpp Alize\SegServerFileWriter.cpp Alize\StatServer.cpp Alize\ULongVector.cpp Alize\ViterbiAccum.cpp Alize\XLine.cpp Alize\XList.cpp Alize\XListFileReader.cpp Alize\XmlParser.cpp ComputeTest\ComputeTest.cpp ComputeTest\ComputeTestMain.cpp Lia_Ral\AccumulateJFAStat.cpp Lia_Ral\AccumulateStat.cpp Lia_Ral\ClusteringCriterion.cpp Lia_Ral\FactorAnalysis.cpp Lia_Ral\FileInfo.cpp Lia_Ral\GeneralTools.cpp Lia_Ral\Hmm.cpp Lia_Ral\IOFormat.cpp Lia_Ral\liatools.cpp Lia_Ral\ScoreWarp.cpp Lia_Ral\SegTools.cpp Lia_Ral\SuperVectors.cpp Lia_Ral\Tools.cpp Lia_Ral\TopGauss.cpp Lia_Ral\TrainTools.cpp Lia_Ral\UnsupervisedTools.cpp SRSystemV2.cpp TrainTarget\TrainTarget.cpp TrainTarget\TrainTargetMain.cpp TrainWorld\TrainWorld.cpp TrainWorld\TrainWorldMain.cpp
         TrainWorldMain.cpp
         TrainWorld.cpp
         TrainTargetMain.cpp
         TrainTarget.cpp
         SRSystemV2.cpp
         UnsupervisedTools.cpp
         TrainTools.cpp
         TopGauss.cpp
         Tools.cpp
         SuperVectors.cpp
         SegTools.cpp
     1>d:\development\speechrecogproject\srsystem\srsystemv2\lia_ral\segtools.cpp(246): warning C4101: “e”: 未引用的局部变量
     1>d:\development\speechrecogproject\srsystem\srsystemv2\lia_ral\segtools.cpp(515): warning C4101: “e”: 未引用的局部变量
         ScoreWarp.cpp
         liatools.cpp
         IOFormat.cpp
         Hmm.cpp
         GeneralTools.cpp
     1>d:\development\speechrecogproject\srsystem\srsystemv2\lia_ral\generaltools.cpp(110): warning C4101: “e”: 未引用的局部变量
         FileInfo.cpp
         FactorAnalysis.cpp
         ClusteringCriterion.cpp
         AccumulateStat.cpp
         正在生成代码...
     1>d:\development\speechrecogproject\srsystem\srsystemv2\lia_ral\tools.cpp(1247): warning C4715: “mixtureInitBySplit”: 不是所有的控件路径都返回值
     1>d:\development\speechrecogproject\srsystem\srsystemv2\traintarget\traintargetmain.cpp(137): warning C4715: “TT_Main”: 不是所有的控件路径都返回值
         正在编译...
         AccumulateJFAStat.cpp
         ComputeTestMain.cpp
         ComputeTest.cpp
     1>d:\development\speechrecogproject\srsystem\srsystemv2\computetest\computetest.cpp(336): warning C4800: “unsigned long”: 将值强制为布尔值“true”或“false”(性能警告)
     1>d:\development\speechrecogproject\srsystem\srsystemv2\computetest\computetest.cpp(490): warning C4800: “unsigned long”: 将值强制为布尔值“true”或“false”(性能警告)
         XmlParser.cpp
         XListFileReader.cpp
         XList.cpp
         XLine.cpp
         ViterbiAccum.cpp
         ULongVector.cpp
         StatServer.cpp
         SegServerFileWriter.cpp
         SegServerFileReaderRaw.cpp
         SegServerFileReaderAbstract.cpp
         SegServer.cpp
         SegCluster.cpp
         SegAbstract.cpp
         Seg.cpp
         Object.cpp
         MixtureStat.cpp
         MixtureServerFileWriter.cpp
         正在生成代码...
         正在编译...
         MixtureServerFileReaderXml.cpp
         MixtureServerFileReaderRaw.cpp
         MixtureServerFileReaderAbstract.cpp
         MixtureServerFileReader.cpp
         MixtureServer.cpp
         MixtureGFStat.cpp
         MixtureGF.cpp
         MixtureGDStat.cpp
         MixtureGD.cpp
         MixtureFileWriter.cpp
         MixtureFileReaderXml.cpp
         MixtureFileReaderRaw.cpp
         MixtureFileReaderAmiral.cpp
         MixtureFileReaderAbstract.cpp
         MixtureFileReader.cpp
         MixtureDict.cpp
         Mixture.cpp
         Matrix.cpp
         LKVector.cpp
         LabelSet.cpp
         正在生成代码...
         正在编译...
         LabelServer.cpp
         LabelFileReader.cpp
         Label.cpp
         Histo.cpp
         FrameAccGF.cpp
         FrameAccGD.cpp
         FrameAcc.cpp
         FileWriter.cpp
         FileReader.cpp
         FeatureServer.cpp
         FeatureMultipleFileReader.cpp
         FeatureInputStreamModifier.cpp
         FeatureInputStream.cpp
         FeatureFlags.cpp
         FeatureFileWriter.cpp
         FeatureFileReaderSPro4.cpp
         FeatureFileReaderSPro3.cpp
         FeatureFileReaderSingle.cpp
         FeatureFileReaderRaw.cpp
         FeatureFileReaderHTK.cpp
         正在生成代码...
         正在编译...
         FeatureFileReaderAbstract.cpp
         FeatureFileReader.cpp
         FeatureFileList.cpp
         Feature.cpp
         Exception.cpp
         DoubleSquareMatrix.cpp
         DistribRefVector.cpp
         DistribGF.cpp
         DistribGD.cpp
         Distrib.cpp
         ConfigFileWriter.cpp
         ConfigFileReaderXml.cpp
         ConfigFileReaderRaw.cpp
         ConfigFileReaderAbstract.cpp
         ConfigChecker.cpp
         Config.cpp
         CmdLine.cpp
         BoolMatrix.cpp
         AutoDestructor.cpp
         AudioInputStream.cpp
         正在生成代码...
         正在编译...
         AudioFrame.cpp
         AudioFileReader.cpp
         alizeString.cpp
         正在生成代码...
       ResourceCompile:
         C:\Program Files (x86)\Microsoft SDKs\Windows\v7.0A\bin\rc.exe /D _UNICODE /D UNICODE /l"0x0409" /nologo /fo"Debug\SRSystemV2.res" SRSystemV2.rc 
       Link:
         C:\Program Files (x86)\Microsoft Visual Studio 10.0\VC\bin\link.exe /ERRORREPORT:PROMPT /OUT:".\Debug\SRSystemV2.exe" /INCREMENTAL /NOLOGO kernel32.lib user32.lib gdi32.lib winspool.lib comdlg32.lib advapi32.lib shell32.lib ole32.lib oleaut32.lib uuid.lib odbc32.lib odbccp32.lib /MANIFEST /ManifestFile:"Debug\SRSystemV2.exe.intermediate.manifest" /MANIFESTUAC:"level='asInvoker' uiAccess='false'" /DEBUG /PDB:"D:\Development\SpeechRecogProject\SRSystem\SRSystemV2\Debug\SRSystemV2.pdb" /SUBSYSTEM:CONSOLE /TLBID:1 /DYNAMICBASE /NXCOMPAT /IMPLIB:".\Debug\SRSystemV2.lib" /MACHINE:X86 Debug\SRSystemV2.res
         Debug\alizeString.obj
         Debug\AudioFileReader.obj
         Debug\AudioFrame.obj
         Debug\AudioInputStream.obj
         Debug\AutoDestructor.obj
         Debug\BoolMatrix.obj
         Debug\CmdLine.obj
         Debug\Config.obj
         Debug\ConfigChecker.obj
         Debug\ConfigFileReaderAbstract.obj
         Debug\ConfigFileReaderRaw.obj
         Debug\ConfigFileReaderXml.obj
         Debug\ConfigFileWriter.obj
         Debug\Distrib.obj
         Debug\DistribGD.obj
         Debug\DistribGF.obj
         Debug\DistribRefVector.obj
         Debug\DoubleSquareMatrix.obj
         Debug\Exception.obj
         Debug\Feature.obj
         Debug\FeatureFileList.obj
         Debug\FeatureFileReader.obj
         Debug\FeatureFileReaderAbstract.obj
         Debug\FeatureFileReaderHTK.obj
         Debug\FeatureFileReaderRaw.obj
         Debug\FeatureFileReaderSingle.obj
         Debug\FeatureFileReaderSPro3.obj
         Debug\FeatureFileReaderSPro4.obj
         Debug\FeatureFileWriter.obj
         Debug\FeatureFlags.obj
         Debug\FeatureInputStream.obj
         Debug\FeatureInputStreamModifier.obj
         Debug\FeatureMultipleFileReader.obj
         Debug\FeatureServer.obj
         Debug\FileReader.obj
         Debug\FileWriter.obj
         Debug\FrameAcc.obj
         Debug\FrameAccGD.obj
         Debug\FrameAccGF.obj
         Debug\Histo.obj
         Debug\Label.obj
         Debug\LabelFileReader.obj
         Debug\LabelServer.obj
         Debug\LabelSet.obj
         Debug\LKVector.obj
         Debug\Matrix.obj
         Debug\Mixture.obj
         Debug\MixtureDict.obj
         Debug\MixtureFileReader.obj
         Debug\MixtureFileReaderAbstract.obj
         Debug\MixtureFileReaderAmiral.obj
         Debug\MixtureFileReaderRaw.obj
         Debug\MixtureFileReaderXml.obj
         Debug\MixtureFileWriter.obj
         Debug\MixtureGD.obj
         Debug\MixtureGDStat.obj
         Debug\MixtureGF.obj
         Debug\MixtureGFStat.obj
         Debug\MixtureServer.obj
         Debug\MixtureServerFileReader.obj
         Debug\MixtureServerFileReaderAbstract.obj
         Debug\MixtureServerFileReaderRaw.obj
         Debug\MixtureServerFileReaderXml.obj
         Debug\MixtureServerFileWriter.obj
         Debug\MixtureStat.obj
         Debug\Object.obj
         Debug\Seg.obj
         Debug\SegAbstract.obj
         Debug\SegCluster.obj
         Debug\SegServer.obj
         Debug\SegServerFileReaderAbstract.obj
         Debug\SegServerFileReaderRaw.obj
         Debug\SegServerFileWriter.obj
         Debug\StatServer.obj
         Debug\ULongVector.obj
         Debug\ViterbiAccum.obj
         Debug\XLine.obj
         Debug\XList.obj
         Debug\XListFileReader.obj
         Debug\XmlParser.obj
         Debug\ComputeTest.obj
         Debug\ComputeTestMain.obj
         Debug\AccumulateJFAStat.obj
         Debug\AccumulateStat.obj
         Debug\ClusteringCriterion.obj
         Debug\FactorAnalysis.obj
         Debug\FileInfo.obj
         Debug\GeneralTools.obj
         Debug\Hmm.obj
         Debug\IOFormat.obj
         Debug\liatools.obj
         Debug\ScoreWarp.obj
         Debug\SegTools.obj
         Debug\SuperVectors.obj
         Debug\Tools.obj
         Debug\TopGauss.obj
         Debug\TrainTools.obj
         Debug\UnsupervisedTools.obj
         Debug\SRSystemV2.obj
         Debug\stdafx.obj
         Debug\TrainTarget.obj
         Debug\TrainTargetMain.obj
         Debug\TrainWorld.obj
         Debug\TrainWorldMain.obj
            正在创建库 .\Debug\SRSystemV2.lib 和对象 .\Debug\SRSystemV2.exp
         SRSystemV2.vcxproj -> D:\Development\SpeechRecogProject\SRSystem\SRSystemV2\.\Debug\SRSystemV2.exe
       Manifest:
         C:\Program Files (x86)\Microsoft SDKs\Windows\v7.0A\bin\mt.exe /nologo /verbose /out:"D:\Development\SpeechRecogProject\SRSystem\SRSystemV2\.\Debug\SRSystemV2.exe.manifest" /manifest Debug\SRSystemV2.exe.intermediate.manifest
       PostBuildEvent:
         COPY "D:\Development\SpeechRecogProject\SRSystem\SRSystemV2\Debug\SRSystemV2.exe" ..\BinExec\SRSystemV2.exe
         :VCEnd
         已复制         1 个文件。
     1>已完成生成项目“D:\Development\SpeechRecogProject\SRSystem\SRSystemV2\SRSystemV2.vcxproj”(Rebuild 个目标)的操作。

生成成功。

已用时间 00:01:39.93
